<?xml version="1.0" encoding="UTF-8"?>
<!-- Generated by org.testng.reporters.JUnitReportReporter -->
<testsuite skipped="0" hostname="DESKTOP-MEGCP4U" name="nPRICED_GB_main.CreateRequest_GB" tests="10" failures="0" timestamp="21 Dec 2021 10:39:12 GMT" time="134.963" errors="0">
  <testcase name="skill_Req" time="1.901" classname="nPRICED_GB_main.CreateRequest_GB"/>
  <testcase name="alert_check" time="0.012" classname="nPRICED_GB_main.CreateRequest_GB"/>
  <testcase name="skill_price" time="8.777" classname="nPRICED_GB_main.CreateRequest_GB"/>
  <testcase name="RIPC_Login" time="55.689" classname="nPRICED_GB_main.CreateRequest_GB"/>
  <testcase name="select_jrss" time="5.777" classname="nPRICED_GB_main.CreateRequest_GB"/>
  <testcase name="select_Req" time="8.557" classname="nPRICED_GB_main.CreateRequest_GB"/>
  <testcase name="req_detail" time="15.579" classname="nPRICED_GB_main.CreateRequest_GB"/>
  <testcase name="Create_Req" time="2.532" classname="nPRICED_GB_main.CreateRequest_GB"/>
  <testcase name="skill_loc" time="9.777" classname="nPRICED_GB_main.CreateRequest_GB"/>
  <testcase name="supp" time="26.362" classname="nPRICED_GB_main.CreateRequest_GB"/>
</testsuite> <!-- nPRICED_GB_main.CreateRequest_GB -->
