<?xml version="1.0" encoding="UTF-8"?>
<!-- Generated by org.testng.reporters.JUnitReportReporter -->
<testsuite skipped="0" hostname="DESKTOP-MEGCP4U" name="nPRICED_US_main.AddResponse" tests="8" failures="0" timestamp="22 Dec 2021 07:14:59 GMT" time="71.423" errors="0">
  <testcase name="fill_resdetails" time="1.288" classname="nPRICED_US_main.AddResponse"/>
  <testcase name="add_Attachement" time="5.846" classname="nPRICED_US_main.AddResponse"/>
  <testcase name="save_Form" time="13.660" classname="nPRICED_US_main.AddResponse"/>
  <testcase name="fill_ratesdetails" time="0.417" classname="nPRICED_US_main.AddResponse"/>
  <testcase name="RIPC_Login" time="12.617" classname="nPRICED_US_main.AddResponse"/>
  <testcase name="fill_resAttrdetails" time="4.629" classname="nPRICED_US_main.AddResponse"/>
  <testcase name="search_request" time="12.527" classname="nPRICED_US_main.AddResponse"/>
  <testcase name="create_res" time="20.439" classname="nPRICED_US_main.AddResponse"/>
</testsuite> <!-- nPRICED_US_main.AddResponse -->
