<?xml version="1.0" encoding="UTF-8"?>
<!-- Generated by org.testng.reporters.JUnitReportReporter -->
<testsuite skipped="0" hostname="DESKTOP-MEGCP4U" name="SBActions_IN_main.FinalizeResponse_IN" tests="2" failures="0" timestamp="27 Dec 2021 13:30:23 GMT" time="89.022" errors="0">
  <testcase name="Finalize" time="27.326" classname="SBActions_IN_main.FinalizeResponse_IN"/>
  <testcase name="login" time="61.696" classname="SBActions_IN_main.FinalizeResponse_IN"/>
</testsuite> <!-- SBActions_IN_main.FinalizeResponse_IN -->
