<?xml version="1.0" encoding="UTF-8"?>
<!-- Generated by org.testng.reporters.JUnitReportReporter -->
<testsuite skipped="0" hostname="DESKTOP-MEGCP4U" name="SBActions_US_main.FinalizeResponse" tests="2" failures="0" timestamp="27 Dec 2021 13:24:27 GMT" time="59.849" errors="0">
  <testcase name="login" time="31.715" classname="SBActions_US_main.FinalizeResponse"/>
  <testcase name="Finalize" time="28.134" classname="SBActions_US_main.FinalizeResponse"/>
</testsuite> <!-- SBActions_US_main.FinalizeResponse -->
