<?xml version="1.0" encoding="UTF-8"?>
<!-- Generated by org.testng.reporters.JUnitReportReporter -->
<testsuite skipped="0" hostname="DESKTOP-MEGCP4U" name="nPRICED_US_main.PO_Authorization" tests="2" failures="0" timestamp="22 Dec 2021 08:32:09 GMT" time="66.634" errors="0">
  <testcase name="PO_Login" time="20.101" classname="nPRICED_US_main.PO_Authorization"/>
  <testcase name="authorize_PO" time="46.533" classname="nPRICED_US_main.PO_Authorization"/>
</testsuite> <!-- nPRICED_US_main.PO_Authorization -->
