<?xml version="1.0" encoding="UTF-8"?>
<!-- Generated by org.testng.reporters.JUnitReportReporter -->
<testsuite skipped="0" hostname="DESKTOP-MEGCP4U" name="nPRICED_US_main.FinalizeResponse" tests="2" failures="0" timestamp="22 Dec 2021 07:34:16 GMT" time="54.509" errors="0">
  <testcase name="login" time="32.073" classname="nPRICED_US_main.FinalizeResponse"/>
  <testcase name="Finalize" time="22.436" classname="nPRICED_US_main.FinalizeResponse"/>
</testsuite> <!-- nPRICED_US_main.FinalizeResponse -->
