<?xml version="1.0" encoding="UTF-8"?>
<!-- Generated by org.testng.reporters.JUnitReportReporter -->
<testsuite skipped="0" hostname="DESKTOP-MEGCP4U" name="SBActions_US_main.SB_AllActions" tests="1" failures="0" timestamp="28 Dec 2021 05:58:00 GMT" time="74.410" errors="0">
  <testcase name="SB_auth" time="74.410" classname="SBActions_US_main.SB_AllActions"/>
</testsuite> <!-- SBActions_US_main.SB_AllActions -->
