<?xml version="1.0" encoding="UTF-8"?>
<!-- Generated by org.testng.reporters.JUnitReportReporter -->
<testsuite skipped="0" hostname="DESKTOP-MEGCP4U" name="nPRICED_GB_main.AddResponse_GB" tests="8" failures="0" timestamp="21 Dec 2021 12:56:09 GMT" time="82.111" errors="0">
  <testcase name="fill_resAttrdetails" time="5.063" classname="nPRICED_GB_main.AddResponse_GB"/>
  <testcase name="fill_ratesdetails" time="0.626" classname="nPRICED_GB_main.AddResponse_GB"/>
  <testcase name="fill_resdetails" time="1.596" classname="nPRICED_GB_main.AddResponse_GB"/>
  <testcase name="save_Form" time="13.674" classname="nPRICED_GB_main.AddResponse_GB"/>
  <testcase name="create_res" time="20.508" classname="nPRICED_GB_main.AddResponse_GB"/>
  <testcase name="add_Attachement" time="8.345" classname="nPRICED_GB_main.AddResponse_GB"/>
  <testcase name="RIPC_Login" time="19.014" classname="nPRICED_GB_main.AddResponse_GB"/>
  <testcase name="search_request" time="13.285" classname="nPRICED_GB_main.AddResponse_GB"/>
</testsuite> <!-- nPRICED_GB_main.AddResponse_GB -->
