<?xml version="1.0" encoding="UTF-8"?>
<!-- Generated by org.testng.reporters.JUnitReportReporter -->
<testsuite skipped="0" hostname="DESKTOP-MEGCP4U" name="nPRICED_IN_main.CreateRequest_IN" tests="10" failures="0" timestamp="22 Dec 2021 05:41:56 GMT" time="127.818" errors="0">
  <testcase name="supp" time="16.672" classname="nPRICED_IN_main.CreateRequest_IN"/>
  <testcase name="Create_Req" time="2.608" classname="nPRICED_IN_main.CreateRequest_IN"/>
  <testcase name="alert_check" time="0.023" classname="nPRICED_IN_main.CreateRequest_IN"/>
  <testcase name="skill_loc" time="8.939" classname="nPRICED_IN_main.CreateRequest_IN"/>
  <testcase name="select_Req" time="7.841" classname="nPRICED_IN_main.CreateRequest_IN"/>
  <testcase name="skill_price" time="6.298" classname="nPRICED_IN_main.CreateRequest_IN"/>
  <testcase name="skill_Req" time="2.333" classname="nPRICED_IN_main.CreateRequest_IN"/>
  <testcase name="RIPC_Login" time="58.464" classname="nPRICED_IN_main.CreateRequest_IN"/>
  <testcase name="select_jrss" time="7.132" classname="nPRICED_IN_main.CreateRequest_IN"/>
  <testcase name="req_detail" time="17.508" classname="nPRICED_IN_main.CreateRequest_IN"/>
</testsuite> <!-- nPRICED_IN_main.CreateRequest_IN -->
