<?xml version="1.0" encoding="UTF-8"?>
<!-- Generated by org.testng.reporters.JUnitReportReporter -->
<testsuite skipped="0" hostname="DESKTOP-MEGCP4U" name="SBActions_GB_main.FinalizeResponse_GB" tests="2" failures="0" timestamp="22 Dec 2021 13:06:58 GMT" time="91.540" errors="0">
  <testcase name="Finalize" time="26.229" classname="SBActions_GB_main.FinalizeResponse_GB"/>
  <testcase name="login" time="65.311" classname="SBActions_GB_main.FinalizeResponse_GB"/>
</testsuite> <!-- SBActions_GB_main.FinalizeResponse_GB -->
