<?xml version="1.0" encoding="UTF-8"?>
<!-- Generated by org.testng.reporters.JUnitReportReporter -->
<testsuite skipped="0" hostname="DESKTOP-MEGCP4U" name="SBActions_GB_main.CreateRequest_GB" tests="10" failures="0" timestamp="29 Dec 2021 08:00:08 GMT" time="127.945" errors="0">
  <testcase name="select_Req" time="7.890" classname="SBActions_GB_main.CreateRequest_GB"/>
  <testcase name="skill_price" time="8.808" classname="SBActions_GB_main.CreateRequest_GB"/>
  <testcase name="RIPC_Login" time="55.254" classname="SBActions_GB_main.CreateRequest_GB"/>
  <testcase name="Create_Req" time="2.178" classname="SBActions_GB_main.CreateRequest_GB"/>
  <testcase name="supp" time="23.032" classname="SBActions_GB_main.CreateRequest_GB"/>
  <testcase name="select_jrss" time="8.478" classname="SBActions_GB_main.CreateRequest_GB"/>
  <testcase name="req_detail" time="11.511" classname="SBActions_GB_main.CreateRequest_GB"/>
  <testcase name="alert_check" time="0.016" classname="SBActions_GB_main.CreateRequest_GB"/>
  <testcase name="skill_Req" time="1.688" classname="SBActions_GB_main.CreateRequest_GB"/>
  <testcase name="skill_loc" time="9.090" classname="SBActions_GB_main.CreateRequest_GB"/>
</testsuite> <!-- SBActions_GB_main.CreateRequest_GB -->
