<?xml version="1.0" encoding="UTF-8"?>
<!-- Generated by org.testng.reporters.JUnitReportReporter -->
<testsuite skipped="0" hostname="DESKTOP-MEGCP4U" name="nPRICED_IN_main.CRB_AuthIN" tests="2" failures="0" timestamp="22 Dec 2021 07:27:39 GMT" time="39.108" errors="0">
  <testcase name="CRB_Wlcmpage" time="17.705" classname="nPRICED_IN_main.CRB_AuthIN"/>
  <testcase name="CRB_auth" time="21.403" classname="nPRICED_IN_main.CRB_AuthIN"/>
</testsuite> <!-- nPRICED_IN_main.CRB_AuthIN -->
