<?xml version="1.0" encoding="UTF-8"?>
<!-- Generated by org.testng.reporters.JUnitReportReporter -->
<testsuite skipped="0" hostname="DESKTOP-MEGCP4U" name="SBActions_GB_main.AddResponse_GB" tests="8" failures="0" timestamp="22 Dec 2021 12:44:45 GMT" time="71.935" errors="0">
  <testcase name="fill_resdetails" time="1.331" classname="SBActions_GB_main.AddResponse_GB"/>
  <testcase name="fill_resAttrdetails" time="4.738" classname="SBActions_GB_main.AddResponse_GB"/>
  <testcase name="create_res" time="20.426" classname="SBActions_GB_main.AddResponse_GB"/>
  <testcase name="fill_ratesdetails" time="0.729" classname="SBActions_GB_main.AddResponse_GB"/>
  <testcase name="add_Attachement" time="6.677" classname="SBActions_GB_main.AddResponse_GB"/>
  <testcase name="search_request" time="11.856" classname="SBActions_GB_main.AddResponse_GB"/>
  <testcase name="RIPC_Login" time="12.422" classname="SBActions_GB_main.AddResponse_GB"/>
  <testcase name="save_Form" time="13.756" classname="SBActions_GB_main.AddResponse_GB"/>
</testsuite> <!-- SBActions_GB_main.AddResponse_GB -->
