<?xml version="1.0" encoding="UTF-8"?>
<!-- Generated by org.testng.reporters.JUnitReportReporter -->
<testsuite skipped="0" hostname="DESKTOP-MEGCP4U" name="SBActions_IN_main.CreateRequest_IN" tests="10" failures="0" timestamp="27 Dec 2021 10:13:38 GMT" time="111.206" errors="0">
  <testcase name="skill_price" time="3.789" classname="SBActions_IN_main.CreateRequest_IN"/>
  <testcase name="req_detail" time="12.350" classname="SBActions_IN_main.CreateRequest_IN"/>
  <testcase name="supp" time="17.106" classname="SBActions_IN_main.CreateRequest_IN"/>
  <testcase name="select_jrss" time="4.711" classname="SBActions_IN_main.CreateRequest_IN"/>
  <testcase name="alert_check" time="0.016" classname="SBActions_IN_main.CreateRequest_IN"/>
  <testcase name="RIPC_Login" time="57.092" classname="SBActions_IN_main.CreateRequest_IN"/>
  <testcase name="skill_Req" time="1.654" classname="SBActions_IN_main.CreateRequest_IN"/>
  <testcase name="Create_Req" time="2.352" classname="SBActions_IN_main.CreateRequest_IN"/>
  <testcase name="select_Req" time="6.041" classname="SBActions_IN_main.CreateRequest_IN"/>
  <testcase name="skill_loc" time="6.095" classname="SBActions_IN_main.CreateRequest_IN"/>
</testsuite> <!-- SBActions_IN_main.CreateRequest_IN -->
