<?xml version="1.0" encoding="UTF-8"?>
<!-- Generated by org.testng.reporters.JUnitReportReporter -->
<testsuite skipped="0" hostname="DESKTOP-MEGCP4U" name="SBActions_GB_main.SB_AllActions_GB" tests="1" failures="0" timestamp="27 Dec 2021 09:36:06 GMT" time="81.663" errors="0">
  <testcase name="SB_auth" time="81.663" classname="SBActions_GB_main.SB_AllActions_GB"/>
</testsuite> <!-- SBActions_GB_main.SB_AllActions_GB -->
