<?xml version="1.0" encoding="UTF-8"?>
<!-- Generated by org.testng.reporters.JUnitReportReporter -->
<testsuite skipped="0" hostname="DESKTOP-MEGCP4U" name="nPRICED_IN_main.PO_Authorization_IN" tests="2" failures="0" timestamp="22 Dec 2021 07:43:09 GMT" time="44.485" errors="0">
  <testcase name="authorize_PO" time="20.377" classname="nPRICED_IN_main.PO_Authorization_IN"/>
  <testcase name="PO_Login" time="24.108" classname="nPRICED_IN_main.PO_Authorization_IN"/>
</testsuite> <!-- nPRICED_IN_main.PO_Authorization_IN -->
