<?xml version="1.0" encoding="UTF-8"?>
<!-- Generated by org.testng.reporters.JUnitReportReporter -->
<testsuite skipped="0" hostname="DESKTOP-MEGCP4U" name="nPRICED_US_main.SB_AllActions" tests="1" failures="0" timestamp="22 Dec 2021 07:47:55 GMT" time="47.888" errors="0">
  <testcase name="SB_auth" time="47.888" classname="nPRICED_US_main.SB_AllActions"/>
</testsuite> <!-- nPRICED_US_main.SB_AllActions -->
