<?xml version="1.0" encoding="UTF-8"?>
<!-- Generated by org.testng.reporters.JUnitReportReporter -->
<testsuite skipped="0" hostname="DESKTOP-MEGCP4U" name="nPRICED_IN_main.SB_AllActions_IN" tests="1" failures="0" timestamp="22 Dec 2021 07:09:08 GMT" time="90.440" errors="0">
  <testcase name="SB_auth" time="90.440" classname="nPRICED_IN_main.SB_AllActions_IN"/>
</testsuite> <!-- nPRICED_IN_main.SB_AllActions_IN -->
