<?xml version="1.0" encoding="UTF-8"?>
<!-- Generated by org.testng.reporters.JUnitReportReporter -->
<testsuite skipped="0" hostname="DESKTOP-MEGCP4U" name="SBActions_GB_main.BA_Auth_GB_Core" tests="1" failures="0" timestamp="27 Dec 2021 08:33:58 GMT" time="72.895" errors="0">
  <testcase name="BA_Authorization_IN" time="72.895" classname="SBActions_GB_main.BA_Auth_GB_Core"/>
</testsuite> <!-- SBActions_GB_main.BA_Auth_GB_Core -->
