<?xml version="1.0" encoding="UTF-8"?>
<!-- Generated by org.testng.reporters.JUnitReportReporter -->
<testsuite skipped="0" hostname="DESKTOP-MEGCP4U" name="nPRICED_GB_main.CRB_Auth_GB" tests="2" failures="0" timestamp="22 Dec 2021 05:12:12 GMT" time="86.650" errors="0">
  <testcase name="CRB_auth" time="28.359" classname="nPRICED_GB_main.CRB_Auth_GB"/>
  <testcase name="CRB_Wlcmpage" time="58.291" classname="nPRICED_GB_main.CRB_Auth_GB"/>
</testsuite> <!-- nPRICED_GB_main.CRB_Auth_GB -->
