<?xml version="1.0" encoding="UTF-8"?>
<!-- Generated by org.testng.reporters.JUnitReportReporter -->
<testsuite skipped="0" hostname="DESKTOP-MEGCP4U" name="SBActions_IN_main.SB_AllActions_IN" tests="1" failures="0" timestamp="28 Dec 2021 05:52:43 GMT" time="73.228" errors="0">
  <testcase name="SB_auth" time="73.228" classname="SBActions_IN_main.SB_AllActions_IN"/>
</testsuite> <!-- SBActions_IN_main.SB_AllActions_IN -->
