<?xml version="1.0" encoding="UTF-8"?>
<!-- Generated by org.testng.reporters.JUnitReportReporter -->
<testsuite skipped="0" hostname="DESKTOP-MEGCP4U" name="SBActions_IN_main.BA_Auth_IN_Core" tests="1" failures="0" timestamp="27 Dec 2021 13:52:24 GMT" time="76.689" errors="0">
  <testcase name="BA_Authorization_IN" time="76.689" classname="SBActions_IN_main.BA_Auth_IN_Core"/>
</testsuite> <!-- SBActions_IN_main.BA_Auth_IN_Core -->
