<?xml version="1.0" encoding="UTF-8"?>
<!-- Generated by org.testng.reporters.JUnitReportReporter -->
<testsuite skipped="0" hostname="DESKTOP-MEGCP4U" name="SBActions_US_main.BA_Auth_US_Core" tests="1" failures="0" timestamp="27 Dec 2021 13:48:30 GMT" time="70.995" errors="0">
  <testcase name="BA_Authorization" time="70.995" classname="SBActions_US_main.BA_Auth_US_Core"/>
</testsuite> <!-- SBActions_US_main.BA_Auth_US_Core -->
