<?xml version="1.0" encoding="UTF-8"?>
<!-- Generated by org.testng.reporters.JUnitReportReporter -->
<testsuite skipped="0" hostname="DESKTOP-MEGCP4U" name="nPRICED_IN_main.AddResponse_IN" tests="8" failures="0" timestamp="22 Dec 2021 06:24:15 GMT" time="79.500" errors="0">
  <testcase name="create_res" time="20.442" classname="nPRICED_IN_main.AddResponse_IN"/>
  <testcase name="fill_ratesdetails" time="0.432" classname="nPRICED_IN_main.AddResponse_IN"/>
  <testcase name="add_Attachement" time="7.419" classname="nPRICED_IN_main.AddResponse_IN"/>
  <testcase name="fill_resdetails" time="1.652" classname="nPRICED_IN_main.AddResponse_IN"/>
  <testcase name="save_Form" time="16.110" classname="nPRICED_IN_main.AddResponse_IN"/>
  <testcase name="RIPC_Login" time="15.370" classname="nPRICED_IN_main.AddResponse_IN"/>
  <testcase name="search_request" time="13.438" classname="nPRICED_IN_main.AddResponse_IN"/>
  <testcase name="fill_resAttrdetails" time="4.637" classname="nPRICED_IN_main.AddResponse_IN"/>
</testsuite> <!-- nPRICED_IN_main.AddResponse_IN -->
