<?xml version="1.0" encoding="UTF-8"?>
<!-- Generated by org.testng.reporters.JUnitReportReporter -->
<testsuite skipped="0" hostname="DESKTOP-MEGCP4U" name="nPRICED_IN_main.FinalizeResponse_IN" tests="2" failures="0" timestamp="22 Dec 2021 06:48:14 GMT" time="85.479" errors="0">
  <testcase name="login" time="63.228" classname="nPRICED_IN_main.FinalizeResponse_IN"/>
  <testcase name="Finalize" time="22.251" classname="nPRICED_IN_main.FinalizeResponse_IN"/>
</testsuite> <!-- nPRICED_IN_main.FinalizeResponse_IN -->
