<?xml version="1.0" encoding="UTF-8"?>
<!-- Generated by org.testng.reporters.JUnitReportReporter -->
<testsuite skipped="0" hostname="DESKTOP-MEGCP4U" name="SBActions_US_main.CreateRequest" tests="10" failures="0" timestamp="27 Dec 2021 10:20:14 GMT" time="86.236" errors="0">
  <testcase name="RIPC_Login" time="24.900" classname="SBActions_US_main.CreateRequest"/>
  <testcase name="Create_Req" time="2.552" classname="SBActions_US_main.CreateRequest"/>
  <testcase name="select_Req" time="7.077" classname="SBActions_US_main.CreateRequest"/>
  <testcase name="skill_loc" time="8.314" classname="SBActions_US_main.CreateRequest"/>
  <testcase name="skill_price" time="8.020" classname="SBActions_US_main.CreateRequest"/>
  <testcase name="select_jrss" time="3.424" classname="SBActions_US_main.CreateRequest"/>
  <testcase name="supp" time="17.852" classname="SBActions_US_main.CreateRequest"/>
  <testcase name="skill_Req" time="1.589" classname="SBActions_US_main.CreateRequest"/>
  <testcase name="alert_check" time="0.031" classname="SBActions_US_main.CreateRequest"/>
  <testcase name="req_detail" time="12.477" classname="SBActions_US_main.CreateRequest"/>
</testsuite> <!-- SBActions_US_main.CreateRequest -->
