<?xml version="1.0" encoding="UTF-8"?>
<!-- Generated by org.testng.reporters.JUnitReportReporter -->
<testsuite skipped="0" hostname="DESKTOP-MEGCP4U" name="nPRICED_GB_main.SB_AllActions_GB" tests="1" failures="0" timestamp="22 Dec 2021 04:52:11 GMT" time="89.862" errors="0">
  <testcase name="SB_auth" time="89.862" classname="nPRICED_GB_main.SB_AllActions_GB"/>
</testsuite> <!-- nPRICED_GB_main.SB_AllActions_GB -->
