<?xml version="1.0" encoding="UTF-8"?>
<!-- Generated by org.testng.reporters.JUnitReportReporter -->
<testsuite skipped="0" hostname="DESKTOP-MEGCP4U" name="nPRICED_US_main.CreateRequest" tests="10" failures="0" timestamp="22 Dec 2021 06:46:04 GMT" time="82.980" errors="0">
  <testcase name="select_Req" time="6.837" classname="nPRICED_US_main.CreateRequest"/>
  <testcase name="skill_price" time="6.362" classname="nPRICED_US_main.CreateRequest"/>
  <testcase name="RIPC_Login" time="21.952" classname="nPRICED_US_main.CreateRequest"/>
  <testcase name="req_detail" time="12.207" classname="nPRICED_US_main.CreateRequest"/>
  <testcase name="supp" time="20.824" classname="nPRICED_US_main.CreateRequest"/>
  <testcase name="alert_check" time="0.031" classname="nPRICED_US_main.CreateRequest"/>
  <testcase name="skill_Req" time="1.673" classname="nPRICED_US_main.CreateRequest"/>
  <testcase name="select_jrss" time="3.495" classname="nPRICED_US_main.CreateRequest"/>
  <testcase name="Create_Req" time="1.468" classname="nPRICED_US_main.CreateRequest"/>
  <testcase name="skill_loc" time="8.131" classname="nPRICED_US_main.CreateRequest"/>
</testsuite> <!-- nPRICED_US_main.CreateRequest -->
