<?xml version="1.0" encoding="UTF-8"?>
<!-- Generated by org.testng.reporters.JUnitReportReporter -->
<testsuite skipped="0" hostname="DESKTOP-MEGCP4U" name="nPRICED_GB_main.FinalizeResponse_GB" tests="2" failures="0" timestamp="22 Dec 2021 03:24:15 GMT" time="92.274" errors="0">
  <testcase name="Finalize" time="27.969" classname="nPRICED_GB_main.FinalizeResponse_GB"/>
  <testcase name="login" time="64.305" classname="nPRICED_GB_main.FinalizeResponse_GB"/>
</testsuite> <!-- nPRICED_GB_main.FinalizeResponse_GB -->
